<?xml version="1.0" encoding="UTF-8"?>
<!-- Generated by org.testng.reporters.JUnitReportReporter -->
<testsuite hostname="DESKTOP-OF9I7HC" failures="0" tests="1" name="com.example.AppTest" time="0.006" errors="0" timestamp="2024-08-01T16:19:54 CEST" skipped="0">
  <testcase classname="com.example.AppTest" name="BookTest" time="0.006"/>
  <system-out/>
</testsuite> <!-- com.example.AppTest -->
